# JRE version: Java(TM) SE Runtime Environment (8.0_45-b15) (build 1.8.0_45-b15)
# Java VM: Java HotSpot(TM) 64-Bit Server VM (25.45-b02 mixed mode windows-amd64 compressed oops)
Heap:
 PSYoungGen      total 76288K, used 14853K [0x00000000eab00000, 0x00000000f2480000, 0x0000000100000000)
  eden space 65536K, 6% used [0x00000000eab00000,0x00000000eaf07a08,0x00000000eeb00000)
  from space 10752K, 99% used [0x00000000ef580000,0x00000000efff9bb0,0x00000000f0000000)
  to   space 10752K, 0% used [0x00000000eeb00000,0x00000000eeb00000,0x00000000ef580000)
 ParOldGen       total 123392K, used 12441K [0x00000000c0000000, 0x00000000c7880000, 0x00000000eab00000)
  object space 123392K, 10% used [0x00000000c0000000,0x00000000c0c26660,0x00000000c7880000)
 Metaspace       used 5755K, capacity 6896K, committed 7040K, reserved 1060864K
  class space    used 580K, capacity 616K, committed 640K, reserved 1048576K
GC Heap History (6 events):
Event: 0.646 GC heap before
{Heap before GC invocations=1 (full 0):
 PSYoungGen      total 76288K, used 15739K [0x00000000eab00000, 0x00000000f0000000, 0x0000000100000000)
  eden space 65536K, 24% used [0x00000000eab00000,0x00000000eba5ecf8,0x00000000eeb00000)
  from space 10752K, 0% used [0x00000000ef580000,0x00000000ef580000,0x00000000f0000000)
  to   space 10752K, 0% used [0x00000000eeb00000,0x00000000eeb00000,0x00000000ef580000)
 ParOldGen       total 175104K, used 0K [0x00000000c0000000, 0x00000000cab00000, 0x00000000eab00000)
  object space 175104K, 0% used [0x00000000c0000000,0x00000000c0000000,0x00000000cab00000)
 Metaspace       used 4984K, capacity 6160K, committed 6272K, reserved 1062912K
  class space    used 545K, capacity 584K, committed 640K, reserved 1048576K
Event: 0.649 GC heap after
Heap after GC invocations=1 (full 0):
 PSYoungGen      total 76288K, used 3044K [0x00000000eab00000, 0x00000000f0000000, 0x0000000100000000)
  eden space 65536K, 0% used [0x00000000eab00000,0x00000000eab00000,0x00000000eeb00000)
  from space 10752K, 28% used [0x00000000eeb00000,0x00000000eedf91a8,0x00000000ef580000)
  to   space 10752K, 0% used [0x00000000ef580000,0x00000000ef580000,0x00000000f0000000)
 ParOldGen       total 175104K, used 8K [0x00000000c0000000, 0x00000000cab00000, 0x00000000eab00000)
  object space 175104K, 0% used [0x00000000c0000000,0x00000000c0002000,0x00000000cab00000)
 Metaspace       used 4984K, capacity 6160K, committed 6272K, reserved 1062912K
  class space    used 545K, capacity 584K, committed 640K, reserved 1048576K
}
Event: 0.649 GC heap before
{Heap before GC invocations=2 (full 1):
 PSYoungGen      total 76288K, used 3044K [0x00000000eab00000, 0x00000000f0000000, 0x0000000100000000)
  eden space 65536K, 0% used [0x00000000eab00000,0x00000000eab00000,0x00000000eeb00000)
  from space 10752K, 28% used [0x00000000eeb00000,0x00000000eedf91a8,0x00000000ef580000)
  to   space 10752K, 0% used [0x00000000ef580000,0x00000000ef580000,0x00000000f0000000)
 ParOldGen       total 175104K, used 8K [0x00000000c0000000, 0x00000000cab00000, 0x00000000eab00000)
  object space 175104K, 0% used [0x00000000c0000000,0x00000000c0002000,0x00000000cab00000)
 Metaspace       used 4984K, capacity 6160K, committed 6272K, reserved 1062912K
  class space    used 545K, capacity 584K, committed 640K, reserved 1048576K
Event: 0.662 GC heap after
Heap after GC invocations=2 (full 1):
 PSYoungGen      total 76288K, used 0K [0x00000000eab00000, 0x00000000f0000000, 0x0000000100000000)
  eden space 65536K, 0% used [0x00000000eab00000,0x00000000eab00000,0x00000000eeb00000)
  from space 10752K, 0% used [0x00000000eeb00000,0x00000000eeb00000,0x00000000ef580000)
  to   space 10752K, 0% used [0x00000000ef580000,0x00000000ef580000,0x00000000f0000000)
 ParOldGen       total 123392K, used 2924K [0x00000000c0000000, 0x00000000c7880000, 0x00000000eab00000)
  object space 123392K, 2% used [0x00000000c0000000,0x00000000c02db090,0x00000000c7880000)
 Metaspace       used 4984K, capacity 6160K, committed 6272K, reserved 1060864K
  class space    used 545K, capacity 584K, committed 640K, reserved 1048576K
}
Event: 1.048 GC heap before
{Heap before GC invocations=3 (full 1):
 PSYoungGen      total 76288K, used 65536K [0x00000000eab00000, 0x00000000f0000000, 0x0000000100000000)
  eden space 65536K, 100% used [0x00000000eab00000,0x00000000eeb00000,0x00000000eeb00000)
  from space 10752K, 0% used [0x00000000eeb00000,0x00000000eeb00000,0x00000000ef580000)
  to   space 10752K, 0% used [0x00000000ef580000,0x00000000ef580000,0x00000000f0000000)
 ParOldGen       total 123392K, used 2924K [0x00000000c0000000, 0x00000000c7880000, 0x00000000eab00000)
  object space 123392K, 2% used [0x00000000c0000000,0x00000000c02db090,0x00000000c7880000)
 Metaspace       used 5755K, capacity 6896K, committed 7040K, reserved 1060864K
  class space    used 580K, capacity 616K, committed 640K, reserved 1048576K
Event: 1.069 GC heap after
Heap after GC invocations=3 (full 1):
 PSYoungGen      total 76288K, used 10726K [0x00000000eab00000, 0x00000000f2480000, 0x0000000100000000)
  eden space 65536K, 0% used [0x00000000eab00000,0x00000000eab00000,0x00000000eeb00000)
  from space 10752K, 99% used [0x00000000ef580000,0x00000000efff9bb0,0x00000000f0000000)
  to   space 10752K, 0% used [0x00000000eeb00000,0x00000000eeb00000,0x00000000ef580000)
 ParOldGen       total 123392K, used 12441K [0x00000000c0000000, 0x00000000c7880000, 0x00000000eab00000)
  object space 123392K, 10% used [0x00000000c0000000,0x00000000c0c26660,0x00000000c7880000)
 Metaspace       used 5755K, capacity 6896K, committed 7040K, reserved 1060864K
  class space    used 580K, capacity 616K, committed 640K, reserved 1048576K
}

